<?xml version="1.0" encoding="UTF-8"?>
<!-- Generated by org.testng.reporters.JUnitXMLReporter -->
<testsuite ignored="2" hostname="DBSF219" failures="0" tests="1" name="Default test" time="10.481" errors="0" timestamp="2022-09-11T15:02:07 AEST">
  <testcase classname="testcases.SimplilearnLoginTest" name="Test3" time="6.429"/>
  <testcase classname="testcases.SimplilearnLoginTest" name="Test1" time="0.0">
    <ignored/>
  </testcase> <!-- Test1 -->
  <testcase classname="testcases.SimplilearnLoginTest" name="Test2" time="0.0">
    <ignored/>
  </testcase> <!-- Test2 -->
</testsuite> <!-- Default test -->
