<?xml version="1.0" encoding="UTF-8"?>
<!-- Generated by org.testng.reporters.JUnitXMLReporter -->
<testsuite ignored="0" hostname="DBSF219" failures="0" tests="3" name="Test" time="45.917" errors="0" timestamp="2022-09-17T14:38:12 AEST">
  <testcase classname="testcases.SimplilearnLoginTest" name="Test1" time="10.186"/>
  <testcase classname="testcases.SimplilearnLoginTest" name="Test2" time="10.982"/>
  <testcase classname="testcases.SimplilearnLoginTest" name="Test3" time="11.095"/>
</testsuite> <!-- Test -->
