<?xml version="1.0" encoding="UTF-8"?>
<!-- Generated by org.testng.reporters.JUnitXMLReporter -->
<testsuite ignored="2" hostname="DBSF219" failures="0" tests="4" name="Test" time="46.155" errors="0" timestamp="2022-09-11T15:28:03 AEST">
  <testcase classname="testcases.SimplilearnLoginTest" name="Test1" time="11.221"/>
  <testcase classname="testcases.SimplilearnLoginTest" name="Test2" time="10.912"/>
  <testcase classname="testcases.SimplilearnLoginTest" name="Test3" time="10.081"/>
  <testcase classname="testcases.HomeTest" name="Test1" time="0.002"/>
  <testcase classname="testcases.BaseClass" name="@AfterTest DataClean" time="0.0">
    <ignored/>
  </testcase> <!-- @AfterTest DataClean -->
  <testcase classname="testcases.BaseClass" name="@BeforeTest DataSetup" time="0.0">
    <ignored/>
  </testcase> <!-- @BeforeTest DataSetup -->
</testsuite> <!-- Test -->
