<?xml version="1.0" encoding="UTF-8"?>
<!-- Generated by org.testng.reporters.JUnitXMLReporter -->
<testsuite hostname="DBSF219" ignored="0" name="Test" tests="3" failures="0" timestamp="2022-09-18T16:35:05 AEST" time="39.461" errors="0">
  <testcase name="Test1" time="10.839" classname="testcases.SimplilearnLoginTest"/>
  <testcase name="Test2" time="7.58" classname="testcases.SimplilearnLoginTest"/>
  <testcase name="Test3" time="8.475" classname="testcases.SimplilearnLoginTest"/>
</testsuite> <!-- Test -->
