<?xml version="1.0" encoding="UTF-8"?>
<!-- Generated by org.testng.reporters.JUnitXMLReporter -->
<testsuite hostname="DBSF219" ignored="0" name="Test" tests="3" failures="0" timestamp="2022-09-10T17:15:46 AEST" time="33.015" errors="0">
  <testcase name="Test1" time="0.001" classname="testcases.HomeTest"/>
  <testcase name="Test1" time="10.718" classname="testcases.SimplilearnLoginTest"/>
  <testcase name="Test2" time="11.329" classname="testcases.SimplilearnLoginTest"/>
</testsuite> <!-- Test -->
