<?xml version="1.0" encoding="UTF-8"?>
<testng-results skipped="0" failed="0" ignored="0" total="3" passed="3">
  <reporter-output>
  </reporter-output>
  <suite name="Suite" duration-ms="39461" started-at="2022-09-18T16:34:26 AEST" finished-at="2022-09-18T16:35:05 AEST">
    <groups>
    </groups>
    <test name="Test" duration-ms="39461" started-at="2022-09-18T16:34:26 AEST" finished-at="2022-09-18T16:35:05 AEST">
      <class name="testcases.SimplilearnLoginTest">
        <test-method status="PASS" signature="DataSetup()[pri:0, instance:testcases.SimplilearnLoginTest@57e1b0c]" name="DataSetup" is-config="true" duration-ms="626" started-at="2022-09-18T16:34:26 AEST" finished-at="2022-09-18T16:34:27 AEST">
          <reporter-output>
          </reporter-output>
        </test-method> <!-- DataSetup -->
        <test-method status="PASS" signature="SetUp(java.lang.reflect.Method)[pri:0, instance:testcases.SimplilearnLoginTest@57e1b0c]" name="SetUp" is-config="true" duration-ms="4076" started-at="2022-09-18T16:34:27 AEST" finished-at="2022-09-18T16:34:31 AEST">
          <params>
            <param index="0">
              <value>
                <![CDATA[public void testcases.SimplilearnLoginTest.Test1()]]>
              </value>
            </param>
          </params>
          <reporter-output>
          </reporter-output>
        </test-method> <!-- SetUp -->
        <test-method status="PASS" signature="Test1()[pri:0, instance:testcases.SimplilearnLoginTest@57e1b0c]" name="Test1" duration-ms="10839" started-at="2022-09-18T16:34:31 AEST" finished-at="2022-09-18T16:34:42 AEST">
          <reporter-output>
          </reporter-output>
        </test-method> <!-- Test1 -->
        <test-method status="PASS" signature="TearDown()[pri:0, instance:testcases.SimplilearnLoginTest@57e1b0c]" name="TearDown" is-config="true" duration-ms="191" started-at="2022-09-18T16:34:42 AEST" finished-at="2022-09-18T16:34:42 AEST">
          <reporter-output>
          </reporter-output>
        </test-method> <!-- TearDown -->
        <test-method status="PASS" signature="SetUp(java.lang.reflect.Method)[pri:0, instance:testcases.SimplilearnLoginTest@57e1b0c]" name="SetUp" is-config="true" duration-ms="3455" started-at="2022-09-18T16:34:42 AEST" finished-at="2022-09-18T16:34:45 AEST">
          <params>
            <param index="0">
              <value>
                <![CDATA[public void testcases.SimplilearnLoginTest.Test2(java.lang.String,java.lang.String)]]>
              </value>
            </param>
          </params>
          <reporter-output>
          </reporter-output>
        </test-method> <!-- SetUp -->
        <test-method status="PASS" signature="Test2(java.lang.String,java.lang.String)[pri:0, instance:testcases.SimplilearnLoginTest@57e1b0c]" name="Test2" duration-ms="7580" started-at="2022-09-18T16:34:45 AEST" finished-at="2022-09-18T16:34:53 AEST">
          <params>
            <param index="0">
              <value>
                <![CDATA[abc@xyz.com]]>
              </value>
            </param>
            <param index="1">
              <value>
                <![CDATA[Abc@1234]]>
              </value>
            </param>
          </params>
          <reporter-output>
          </reporter-output>
        </test-method> <!-- Test2 -->
        <test-method status="PASS" signature="TearDown()[pri:0, instance:testcases.SimplilearnLoginTest@57e1b0c]" name="TearDown" is-config="true" duration-ms="178" started-at="2022-09-18T16:34:53 AEST" finished-at="2022-09-18T16:34:53 AEST">
          <reporter-output>
          </reporter-output>
        </test-method> <!-- TearDown -->
        <test-method status="PASS" signature="SetUp(java.lang.reflect.Method)[pri:0, instance:testcases.SimplilearnLoginTest@57e1b0c]" name="SetUp" is-config="true" duration-ms="3510" started-at="2022-09-18T16:34:53 AEST" finished-at="2022-09-18T16:34:57 AEST">
          <params>
            <param index="0">
              <value>
                <![CDATA[public void testcases.SimplilearnLoginTest.Test3()]]>
              </value>
            </param>
          </params>
          <reporter-output>
          </reporter-output>
        </test-method> <!-- SetUp -->
        <test-method status="PASS" signature="Test3()[pri:0, instance:testcases.SimplilearnLoginTest@57e1b0c]" name="Test3" duration-ms="8475" started-at="2022-09-18T16:34:57 AEST" finished-at="2022-09-18T16:35:05 AEST">
          <reporter-output>
          </reporter-output>
        </test-method> <!-- Test3 -->
        <test-method status="PASS" signature="TearDown()[pri:0, instance:testcases.SimplilearnLoginTest@57e1b0c]" name="TearDown" is-config="true" duration-ms="160" started-at="2022-09-18T16:35:05 AEST" finished-at="2022-09-18T16:35:05 AEST">
          <reporter-output>
          </reporter-output>
        </test-method> <!-- TearDown -->
        <test-method status="PASS" signature="DataClean()[pri:0, instance:testcases.SimplilearnLoginTest@57e1b0c]" name="DataClean" is-config="true" duration-ms="329" started-at="2022-09-18T16:35:05 AEST" finished-at="2022-09-18T16:35:05 AEST">
          <reporter-output>
          </reporter-output>
        </test-method> <!-- DataClean -->
      </class> <!-- testcases.SimplilearnLoginTest -->
    </test> <!-- Test -->
  </suite> <!-- Suite -->
</testng-results>
