<?xml version="1.0" encoding="UTF-8"?>
<testng-results skipped="0" failed="0" ignored="0" total="3" passed="3">
  <reporter-output>
  </reporter-output>
  <suite name="Suite" duration-ms="33015" started-at="2022-09-10T17:15:13 AEST" finished-at="2022-09-10T17:15:46 AEST">
    <groups>
    </groups>
    <test name="Test" duration-ms="33015" started-at="2022-09-10T17:15:13 AEST" finished-at="2022-09-10T17:15:46 AEST">
      <class name="testcases.HomeTest">
        <test-method status="PASS" signature="SetUp()[pri:0, instance:testcases.HomeTest@3a883ce7]" name="SetUp" is-config="true" duration-ms="4013" started-at="2022-09-10T17:15:13 AEST" finished-at="2022-09-10T17:15:17 AEST">
          <reporter-output>
          </reporter-output>
        </test-method> <!-- SetUp -->
        <test-method status="PASS" signature="Test1()[pri:0, instance:testcases.HomeTest@3a883ce7]" name="Test1" duration-ms="1" started-at="2022-09-10T17:15:17 AEST" finished-at="2022-09-10T17:15:17 AEST">
          <reporter-output>
          </reporter-output>
        </test-method> <!-- Test1 -->
        <test-method status="PASS" signature="TearDown()[pri:0, instance:testcases.HomeTest@3a883ce7]" name="TearDown" is-config="true" duration-ms="199" started-at="2022-09-10T17:15:17 AEST" finished-at="2022-09-10T17:15:18 AEST">
          <reporter-output>
          </reporter-output>
        </test-method> <!-- TearDown -->
      </class> <!-- testcases.HomeTest -->
      <class name="testcases.SimplilearnLoginTest">
        <test-method status="PASS" signature="SetUp()[pri:0, instance:testcases.SimplilearnLoginTest@394e1a0f]" name="SetUp" is-config="true" duration-ms="3185" started-at="2022-09-10T17:15:18 AEST" finished-at="2022-09-10T17:15:21 AEST">
          <reporter-output>
          </reporter-output>
        </test-method> <!-- SetUp -->
        <test-method status="PASS" signature="Test1()[pri:0, instance:testcases.SimplilearnLoginTest@394e1a0f]" name="Test1" duration-ms="10718" started-at="2022-09-10T17:15:21 AEST" finished-at="2022-09-10T17:15:31 AEST">
          <reporter-output>
          </reporter-output>
        </test-method> <!-- Test1 -->
        <test-method status="PASS" signature="TearDown()[pri:0, instance:testcases.SimplilearnLoginTest@394e1a0f]" name="TearDown" is-config="true" duration-ms="110" started-at="2022-09-10T17:15:31 AEST" finished-at="2022-09-10T17:15:32 AEST">
          <reporter-output>
          </reporter-output>
        </test-method> <!-- TearDown -->
        <test-method status="PASS" signature="SetUp()[pri:0, instance:testcases.SimplilearnLoginTest@394e1a0f]" name="SetUp" is-config="true" duration-ms="3297" started-at="2022-09-10T17:15:32 AEST" finished-at="2022-09-10T17:15:35 AEST">
          <reporter-output>
          </reporter-output>
        </test-method> <!-- SetUp -->
        <test-method status="PASS" signature="Test2()[pri:0, instance:testcases.SimplilearnLoginTest@394e1a0f]" name="Test2" duration-ms="11329" started-at="2022-09-10T17:15:35 AEST" finished-at="2022-09-10T17:15:46 AEST">
          <reporter-output>
          </reporter-output>
        </test-method> <!-- Test2 -->
        <test-method status="PASS" signature="TearDown()[pri:0, instance:testcases.SimplilearnLoginTest@394e1a0f]" name="TearDown" is-config="true" duration-ms="124" started-at="2022-09-10T17:15:46 AEST" finished-at="2022-09-10T17:15:46 AEST">
          <reporter-output>
          </reporter-output>
        </test-method> <!-- TearDown -->
      </class> <!-- testcases.SimplilearnLoginTest -->
    </test> <!-- Test -->
  </suite> <!-- Suite -->
</testng-results>
