<?xml version="1.0" encoding="UTF-8"?>
<testng-results ignored="0" total="3" passed="3" failed="0" skipped="0">
  <reporter-output>
  </reporter-output>
  <suite started-at="2022-09-17T14:37:26 AEST" name="Suite" finished-at="2022-09-17T14:38:12 AEST" duration-ms="45917">
    <groups>
    </groups>
    <test started-at="2022-09-17T14:37:26 AEST" name="Test" finished-at="2022-09-17T14:38:12 AEST" duration-ms="45917">
      <class name="testcases.SimplilearnLoginTest">
        <test-method is-config="true" signature="DataSetup()[pri:0, instance:testcases.SimplilearnLoginTest@1e04fa0a]" started-at="2022-09-17T14:37:26 AEST" name="DataSetup" finished-at="2022-09-17T14:37:27 AEST" duration-ms="731" status="PASS">
          <reporter-output>
          </reporter-output>
        </test-method> <!-- DataSetup -->
        <test-method is-config="true" signature="SetUp(java.lang.reflect.Method)[pri:0, instance:testcases.SimplilearnLoginTest@1e04fa0a]" started-at="2022-09-17T14:37:27 AEST" name="SetUp" finished-at="2022-09-17T14:37:30 AEST" duration-ms="3325" status="PASS">
          <params>
            <param index="0">
              <value>
                <![CDATA[public void testcases.SimplilearnLoginTest.Test1()]]>
              </value>
            </param>
          </params>
          <reporter-output>
          </reporter-output>
        </test-method> <!-- SetUp -->
        <test-method signature="Test1()[pri:0, instance:testcases.SimplilearnLoginTest@1e04fa0a]" started-at="2022-09-17T14:37:30 AEST" name="Test1" finished-at="2022-09-17T14:37:41 AEST" duration-ms="10186" status="PASS">
          <reporter-output>
          </reporter-output>
        </test-method> <!-- Test1 -->
        <test-method is-config="true" signature="TearDown()[pri:0, instance:testcases.SimplilearnLoginTest@1e04fa0a]" started-at="2022-09-17T14:37:41 AEST" name="TearDown" finished-at="2022-09-17T14:37:41 AEST" duration-ms="78" status="PASS">
          <reporter-output>
          </reporter-output>
        </test-method> <!-- TearDown -->
        <test-method is-config="true" signature="SetUp(java.lang.reflect.Method)[pri:0, instance:testcases.SimplilearnLoginTest@1e04fa0a]" started-at="2022-09-17T14:37:41 AEST" name="SetUp" finished-at="2022-09-17T14:37:44 AEST" duration-ms="3453" status="PASS">
          <params>
            <param index="0">
              <value>
                <![CDATA[public void testcases.SimplilearnLoginTest.Test2(java.lang.String,java.lang.String)]]>
              </value>
            </param>
          </params>
          <reporter-output>
          </reporter-output>
        </test-method> <!-- SetUp -->
        <test-method signature="Test2(java.lang.String,java.lang.String)[pri:0, instance:testcases.SimplilearnLoginTest@1e04fa0a]" started-at="2022-09-17T14:37:44 AEST" name="Test2" finished-at="2022-09-17T14:37:55 AEST" duration-ms="10982" status="PASS">
          <params>
            <param index="0">
              <value>
                <![CDATA[abc@xyz.com]]>
              </value>
            </param>
            <param index="1">
              <value>
                <![CDATA[Abc@1234]]>
              </value>
            </param>
          </params>
          <reporter-output>
          </reporter-output>
        </test-method> <!-- Test2 -->
        <test-method is-config="true" signature="TearDown()[pri:0, instance:testcases.SimplilearnLoginTest@1e04fa0a]" started-at="2022-09-17T14:37:55 AEST" name="TearDown" finished-at="2022-09-17T14:37:58 AEST" duration-ms="2425" status="PASS">
          <reporter-output>
          </reporter-output>
        </test-method> <!-- TearDown -->
        <test-method is-config="true" signature="SetUp(java.lang.reflect.Method)[pri:0, instance:testcases.SimplilearnLoginTest@1e04fa0a]" started-at="2022-09-17T14:37:58 AEST" name="SetUp" finished-at="2022-09-17T14:38:01 AEST" duration-ms="3200" status="PASS">
          <params>
            <param index="0">
              <value>
                <![CDATA[public void testcases.SimplilearnLoginTest.Test3()]]>
              </value>
            </param>
          </params>
          <reporter-output>
          </reporter-output>
        </test-method> <!-- SetUp -->
        <test-method signature="Test3()[pri:0, instance:testcases.SimplilearnLoginTest@1e04fa0a]" started-at="2022-09-17T14:38:01 AEST" name="Test3" finished-at="2022-09-17T14:38:12 AEST" duration-ms="11095" status="PASS">
          <reporter-output>
          </reporter-output>
        </test-method> <!-- Test3 -->
        <test-method is-config="true" signature="TearDown()[pri:0, instance:testcases.SimplilearnLoginTest@1e04fa0a]" started-at="2022-09-17T14:38:12 AEST" name="TearDown" finished-at="2022-09-17T14:38:12 AEST" duration-ms="114" status="PASS">
          <reporter-output>
          </reporter-output>
        </test-method> <!-- TearDown -->
        <test-method is-config="true" signature="DataClean()[pri:0, instance:testcases.SimplilearnLoginTest@1e04fa0a]" started-at="2022-09-17T14:38:12 AEST" name="DataClean" finished-at="2022-09-17T14:38:12 AEST" duration-ms="281" status="PASS">
          <reporter-output>
          </reporter-output>
        </test-method> <!-- DataClean -->
      </class> <!-- testcases.SimplilearnLoginTest -->
    </test> <!-- Test -->
  </suite> <!-- Suite -->
</testng-results>
