<?xml version="1.0" encoding="UTF-8"?>
<testng-results ignored="2" total="6" passed="4" failed="0" skipped="0">
  <reporter-output>
  </reporter-output>
  <suite started-at="2022-09-11T15:27:17 AEST" name="Suite" finished-at="2022-09-11T15:28:03 AEST" duration-ms="46155">
    <groups>
    </groups>
    <test started-at="2022-09-11T15:27:17 AEST" name="Test" finished-at="2022-09-11T15:28:03 AEST" duration-ms="46155">
      <class name="testcases.HomeTest">
        <test-method is-config="true" signature="SetUp()[pri:0, instance:testcases.HomeTest@6cd28fa7]" started-at="2022-09-11T15:28:00 AEST" name="SetUp" finished-at="2022-09-11T15:28:03 AEST" duration-ms="3073" status="PASS">
          <reporter-output>
          </reporter-output>
        </test-method> <!-- SetUp -->
        <test-method signature="Test1()[pri:0, instance:testcases.HomeTest@6cd28fa7]" started-at="2022-09-11T15:28:03 AEST" name="Test1" finished-at="2022-09-11T15:28:03 AEST" duration-ms="2" status="PASS">
          <reporter-output>
          </reporter-output>
        </test-method> <!-- Test1 -->
        <test-method is-config="true" signature="TearDown()[pri:0, instance:testcases.HomeTest@6cd28fa7]" started-at="2022-09-11T15:28:03 AEST" name="TearDown" finished-at="2022-09-11T15:28:03 AEST" duration-ms="261" status="PASS">
          <reporter-output>
          </reporter-output>
        </test-method> <!-- TearDown -->
      </class> <!-- testcases.HomeTest -->
      <class name="testcases.SimplilearnLoginTest">
        <test-method is-config="true" signature="DataSetup()[pri:0, instance:testcases.SimplilearnLoginTest@3f6b0be5]" started-at="2022-09-11T15:27:17 AEST" name="DataSetup" finished-at="2022-09-11T15:27:17 AEST" duration-ms="672" status="PASS">
          <reporter-output>
          </reporter-output>
        </test-method> <!-- DataSetup -->
        <test-method is-config="true" signature="SetUp()[pri:0, instance:testcases.SimplilearnLoginTest@3f6b0be5]" started-at="2022-09-11T15:27:17 AEST" name="SetUp" finished-at="2022-09-11T15:27:21 AEST" duration-ms="3181" status="PASS">
          <reporter-output>
          </reporter-output>
        </test-method> <!-- SetUp -->
        <test-method signature="Test1()[pri:0, instance:testcases.SimplilearnLoginTest@3f6b0be5]" started-at="2022-09-11T15:27:21 AEST" name="Test1" finished-at="2022-09-11T15:27:32 AEST" duration-ms="11221" status="PASS">
          <reporter-output>
          </reporter-output>
        </test-method> <!-- Test1 -->
        <test-method is-config="true" signature="TearDown()[pri:0, instance:testcases.SimplilearnLoginTest@3f6b0be5]" started-at="2022-09-11T15:27:32 AEST" name="TearDown" finished-at="2022-09-11T15:27:32 AEST" duration-ms="178" status="PASS">
          <reporter-output>
          </reporter-output>
        </test-method> <!-- TearDown -->
        <test-method is-config="true" signature="SetUp()[pri:0, instance:testcases.SimplilearnLoginTest@3f6b0be5]" started-at="2022-09-11T15:27:32 AEST" name="SetUp" finished-at="2022-09-11T15:27:35 AEST" duration-ms="3062" status="PASS">
          <reporter-output>
          </reporter-output>
        </test-method> <!-- SetUp -->
        <test-method signature="Test2(java.lang.String,java.lang.String)[pri:0, instance:testcases.SimplilearnLoginTest@3f6b0be5]" started-at="2022-09-11T15:27:35 AEST" name="Test2" finished-at="2022-09-11T15:27:46 AEST" duration-ms="10912" status="PASS">
          <params>
            <param index="0">
              <value>
                <![CDATA[abc@xyz.com]]>
              </value>
            </param>
            <param index="1">
              <value>
                <![CDATA[Abc@1234]]>
              </value>
            </param>
          </params>
          <reporter-output>
          </reporter-output>
        </test-method> <!-- Test2 -->
        <test-method is-config="true" signature="TearDown()[pri:0, instance:testcases.SimplilearnLoginTest@3f6b0be5]" started-at="2022-09-11T15:27:46 AEST" name="TearDown" finished-at="2022-09-11T15:27:46 AEST" duration-ms="130" status="PASS">
          <reporter-output>
          </reporter-output>
        </test-method> <!-- TearDown -->
        <test-method is-config="true" signature="SetUp()[pri:0, instance:testcases.SimplilearnLoginTest@3f6b0be5]" started-at="2022-09-11T15:27:46 AEST" name="SetUp" finished-at="2022-09-11T15:27:49 AEST" duration-ms="3185" status="PASS">
          <reporter-output>
          </reporter-output>
        </test-method> <!-- SetUp -->
        <test-method signature="Test3()[pri:0, instance:testcases.SimplilearnLoginTest@3f6b0be5]" started-at="2022-09-11T15:27:49 AEST" name="Test3" finished-at="2022-09-11T15:27:59 AEST" duration-ms="10081" status="PASS">
          <reporter-output>
          </reporter-output>
        </test-method> <!-- Test3 -->
        <test-method is-config="true" signature="TearDown()[pri:0, instance:testcases.SimplilearnLoginTest@3f6b0be5]" started-at="2022-09-11T15:27:59 AEST" name="TearDown" finished-at="2022-09-11T15:28:00 AEST" duration-ms="148" status="PASS">
          <reporter-output>
          </reporter-output>
        </test-method> <!-- TearDown -->
        <test-method is-config="true" signature="DataClean()[pri:0, instance:testcases.SimplilearnLoginTest@3f6b0be5]" started-at="2022-09-11T15:28:03 AEST" name="DataClean" finished-at="2022-09-11T15:28:03 AEST" duration-ms="0" status="PASS">
          <reporter-output>
          </reporter-output>
        </test-method> <!-- DataClean -->
      </class> <!-- testcases.SimplilearnLoginTest -->
    </test> <!-- Test -->
  </suite> <!-- Suite -->
</testng-results>
